<?xml version="1.0" encoding="UTF-8"?>
<testng-results ignored="0" total="1" passed="1" failed="0" skipped="0">
  <reporter-output>
  </reporter-output>
  <suite started-at="2025-09-08T01:51:02 IST" name="Default suite" finished-at="2025-09-08T01:51:43 IST" duration-ms="40896">
    <groups>
    </groups>
    <test started-at="2025-09-08T01:51:02 IST" name="Default test" finished-at="2025-09-08T01:51:43 IST" duration-ms="40896">
      <class name="tests.RegisterUserTest">
        <test-method is-config="true" signature="setup()[pri:0, instance:tests.RegisterUserTest@58a9760d]" started-at="2025-09-08T01:51:02 IST" name="setup" finished-at="2025-09-08T01:51:04 IST" duration-ms="1925" status="PASS">
          <reporter-output>
          </reporter-output>
        </test-method> <!-- setup -->
        <test-method is-config="true" signature="setupTest()[pri:0, instance:tests.RegisterUserTest@58a9760d]" started-at="2025-09-08T01:51:04 IST" name="setupTest" finished-at="2025-09-08T01:51:20 IST" duration-ms="16754" status="PASS">
          <reporter-output>
          </reporter-output>
        </test-method> <!-- setupTest -->
        <test-method signature="testRegisterUser()[pri:0, instance:tests.RegisterUserTest@58a9760d]" started-at="2025-09-08T01:51:20 IST" name="testRegisterUser" finished-at="2025-09-08T01:51:42 IST" duration-ms="21394" status="PASS">
          <reporter-output>
          </reporter-output>
        </test-method> <!-- testRegisterUser -->
        <test-method is-config="true" signature="tearDownTest()[pri:0, instance:tests.RegisterUserTest@58a9760d]" started-at="2025-09-08T01:51:42 IST" name="tearDownTest" finished-at="2025-09-08T01:51:43 IST" duration-ms="405" status="PASS">
          <reporter-output>
          </reporter-output>
        </test-method> <!-- tearDownTest -->
        <test-method is-config="true" signature="teardownSuite()[pri:0, instance:tests.RegisterUserTest@58a9760d]" started-at="2025-09-08T01:51:43 IST" name="teardownSuite" finished-at="2025-09-08T01:51:43 IST" duration-ms="1" status="PASS">
          <reporter-output>
          </reporter-output>
        </test-method> <!-- teardownSuite -->
      </class> <!-- tests.RegisterUserTest -->
    </test> <!-- Default test -->
  </suite> <!-- Default suite -->
</testng-results>
